p/226_524_1677786269.573229.png 1 0 0 180 120
p/225_520_1677786269.428436.png 1 0 0 180 120
p/224_524_1677786269.2684324.png 1 0 0 180 120
p/223_525_1677786269.1094086.png 1 0 0 180 120
p/222_523_1677786268.964942.png 1 0 0 180 120
p/221_521_1677786268.8052363.png 1 0 0 180 120
p/220_520_1677786268.6456606.png 1 0 0 180 120
p/219_517_1677786268.5006497.png 1 0 0 180 120
p/218_534_1677786268.3422866.png 1 0 0 180 120
p/217_534_1677786268.1815119.png 1 0 0 180 120
p/216_537_1677786268.037456.png 1 0 0 180 120
p/215_536_1677786267.877782.png 1 0 0 180 120
p/214_527_1677786267.7164328.png 1 0 0 180 120
p/213_529_1677786267.5734386.png 1 0 0 180 120
p/212_533_1677786267.413679.png 1 0 0 180 120
p/211_532_1677786267.2527404.png 1 0 0 180 120
p/210_530_1677786267.1094337.png 1 0 0 180 120
p/209_532_1677786266.949691.png 1 0 0 180 120
p/208_526_1677786266.7894006.png 1 0 0 180 120
p/207_528_1677786266.6456823.png 1 0 0 180 120
p/206_535_1677786266.4848576.png 1 0 0 180 120
p/205_531_1677786266.3254175.png 1 0 0 180 120
p/204_533_1677786266.1816924.png 1 0 0 180 120
p/203_531_1677786266.0210574.png 1 0 0 180 120
p/202_535_1677786265.8614457.png 1 0 0 180 120
p/201_532_1677786265.717673.png 1 0 0 180 120
p/200_534_1677786265.5581288.png 1 0 0 180 120
p/199_533_1677786265.3967986.png 1 0 0 180 120
p/198_530_1677786265.23714.png 1 0 0 180 120
p/197_535_1677786265.0931036.png 1 0 0 180 120
p/196_536_1677786264.933693.png 1 0 0 180 120
p/195_515_1677786264.773494.png 1 0 0 180 120
p/194_527_1677786264.629458.png 1 0 0 180 120
p/193_537_1677786264.4696662.png 1 0 0 180 120
p/169_533_1677786252.2456498.png 1 0 0 180 120
p/168_531_1677786252.0856795.png 1 0 0 180 120
p/167_534_1677786251.9254034.png 1 0 0 180 120
p/166_534_1677786251.7807364.png 1 0 0 180 120
p/165_531_1677786251.6216583.png 1 0 0 180 120
p/164_532_1677786251.461448.png 1 0 0 180 120
p/163_532_1677786251.3177018.png 1 0 0 180 120
p/162_530_1677786251.1583884.png 1 0 0 180 120
p/161_531_1677786250.9976938.png 1 0 0 180 120
p/160_531_1677786250.8537104.png 1 0 0 180 120
p/159_533_1677786250.6935458.png 1 0 0 180 120
p/158_531_1677786250.5324237.png 1 0 0 180 120
p/157_533_1677786250.3906868.png 1 0 0 180 120
p/156_528_1677786250.2296855.png 1 0 0 180 120
p/128_518_1677786244.5016952.png 1 0 0 180 120
p/127_523_1677786244.3416939.png 1 0 0 180 120
p/126_516_1677786244.1981046.png 1 0 0 180 120
p/125_520_1677786244.0377.png 1 0 0 180 120
p/124_520_1677786243.877765.png 1 0 0 180 120
p/123_519_1677786243.7336972.png 1 0 0 180 120
p/122_520_1677786243.5742188.png 1 0 0 180 120
p/121_522_1677786243.4134579.png 1 0 0 180 120
p/120_519_1677786243.2696848.png 1 0 0 180 120
p/119_519_1677786243.110645.png 1 0 0 180 120
p/118_516_1677786242.9494638.png 1 0 0 180 120
p/117_520_1677786242.8064935.png 1 0 0 180 120
p/116_519_1677786242.6454637.png 1 0 0 180 120
p/115_521_1677786242.4856977.png 1 0 0 180 120
p/114_523_1677786242.3259318.png 1 0 0 180 120
p/113_520_1677786242.1816735.png 1 0 0 180 120
p/76_588_1677786236.4534614.png 1 0 0 180 120
p/75_588_1677786236.295659.png 1 0 0 180 120
p/74_594_1677786236.1336446.png 1 0 0 180 120
p/73_590_1677786235.9898071.png 1 0 0 180 120
p/72_594_1677786235.829448.png 1 0 0 180 120
p/71_585_1677786235.6694384.png 1 0 0 180 120
p/70_588_1677786235.526229.png 1 0 0 180 120
p/69_590_1677786235.3654768.png 1 0 0 180 120
p/68_588_1677786235.2056446.png 1 0 0 180 120
p/67_590_1677786235.062381.png 1 0 0 180 120
p/66_590_1677786234.9014874.png 1 0 0 180 120
p/65_591_1677786234.7424278.png 1 0 0 180 120
p/64_591_1677786234.5974822.png 1 0 0 180 120
p/63_586_1677786234.4376953.png 1 0 0 180 120
p/62_592_1677786234.279684.png 1 0 0 180 120
p/61_591_1677786234.1337852.png 1 0 0 180 120
p/32_532_1677786229.6377218.png 1 0 0 180 120
p/31_535_1677786229.4783945.png 1 0 0 180 120
p/30_533_1677786229.3338487.png 1 0 0 180 120
p/29_534_1677786229.1746998.png 1 0 0 180 120
p/28_533_1677786229.0140448.png 1 0 0 180 120
p/27_534_1677786228.8697112.png 1 0 0 180 120
p/26_535_1677786228.7106228.png 1 0 0 180 120
p/25_532_1677786228.5504417.png 1 0 0 180 120
p/24_534_1677786228.405714.png 1 0 0 180 120
p/23_534_1677786228.2474258.png 1 0 0 180 120
p/22_533_1677786228.085737.png 1 0 0 180 120
p/194_644_1677786057.6458719.png 1 0 0 180 120
p/193_649_1677786057.4855692.png 1 0 0 180 120
p/192_647_1677786057.3255854.png 1 0 0 180 120
p/191_644_1677786057.165814.png 1 0 0 180 120
p/190_646_1677786057.0206423.png 1 0 0 180 120
p/189_646_1677786056.8618517.png 1 0 0 180 120
p/188_646_1677786056.7020838.png 1 0 0 180 120
p/187_649_1677786056.5576317.png 1 0 0 180 120
p/186_646_1677786056.3978498.png 1 0 0 180 120
p/185_652_1677786056.2382057.png 1 0 0 180 120
p/184_644_1677786056.0938227.png 1 0 0 180 120
p/183_647_1677786055.9348586.png 1 0 0 180 120
p/182_648_1677786055.773814.png 1 0 0 180 120
p/181_647_1677786055.629861.png 1 0 0 180 120
p/180_642_1677786055.4696074.png 1 0 0 180 120
p/179_645_1677786055.3088193.png 1 0 0 180 120
p/178_645_1677786055.164977.png 1 0 0 180 120
p/177_645_1677786055.0056543.png 1 0 0 180 120
p/176_647_1677786054.8459952.png 1 0 0 180 120
p/175_649_1677786054.7017925.png 1 0 0 180 120
p/174_645_1677786054.5416596.png 1 0 0 180 120
p/134_536_1677786038.9096317.png 1 0 0 180 120
p/133_540_1677786038.7498584.png 1 0 0 180 120
p/132_537_1677786038.588807.png 1 0 0 180 120
p/131_537_1677786038.4456654.png 1 0 0 180 120
p/130_539_1677786038.285983.png 1 0 0 180 120
p/129_536_1677786038.1266186.png 1 0 0 180 120
p/128_537_1677786037.9818537.png 1 0 0 180 120
p/127_541_1677786037.8226776.png 1 0 0 180 120
p/126_537_1677786037.6616163.png 1 0 0 180 120
p/125_542_1677786037.5189695.png 1 0 0 180 120
p/124_539_1677786037.3576486.png 1 0 0 180 120
p/123_541_1677786037.1978962.png 1 0 0 180 120
p/122_538_1677786037.0536299.png 1 0 0 180 120
p/121_542_1677786036.8948863.png 1 0 0 180 120
p/120_540_1677786036.7338765.png 1 0 0 180 120
p/119_538_1677786036.5891237.png 1 0 0 180 120
p/118_539_1677786036.4310052.png 1 0 0 180 120
p/117_542_1677786036.2698874.png 1 0 0 180 120
p/116_540_1677786036.126653.png 1 0 0 180 120
p/115_540_1677786035.9654424.png 1 0 0 180 120
p/37_578_1677786023.7440434.png 1 0 0 180 120
p/36_579_1677786023.583012.png 1 0 0 180 120
p/35_580_1677786023.422664.png 1 0 0 180 120
p/34_578_1677786023.2788668.png 1 0 0 180 120